[2021-03-05 05:25:26] local.ERROR: SQLSTATE[HY000] [1049] Unknown database 'agropal' (SQL: select * from information_schema.tables where table_schema = agropal and table_name = migrations and table_type = 'BASE TABLE') {"exception":"[object] (Illuminate\\Database\\QueryException(code: 1049): SQLSTATE[HY000] [1049] Unknown database 'agropal' (SQL: select * from information_schema.tables where table_schema = agropal and table_name = migrations and table_type = 'BASE TABLE') at C:\\Users\\kiran\\OneDrive\\Desktop\\Laravel-6-Multi-Auth-master\\vendor\\laravel\\framework\\src\\Illuminate\\Database\\Connection.php:669)
[stacktrace]
#0 C:\\Users\\kiran\\OneDrive\\Desktop\\Laravel-6-Multi-Auth-master\\vendor\\laravel\\framework\\src\\Illuminate\\Database\\Connection.php(629): Illuminate\\Database\\Connection->runQueryCallback('select * from i...', Array, Object(Closure))
#1 C:\\Users\\kiran\\OneDrive\\Desktop\\Laravel-6-Multi-Auth-master\\vendor\\laravel\\framework\\src\\Illuminate\\Database\\Connection.php(338): Illuminate\\Database\\Connection->run('select * from i...', Array, Object(Closure))
#2 C:\\Users\\kiran\\OneDrive\\Desktop\\Laravel-6-Multi-Auth-master\\vendor\\laravel\\framework\\src\\Illuminate\\Database\\Schema\\MySqlBuilder.php(18): Illuminate\\Database\\Connection->select('select * from i...', Array)
#3 C:\\Users\\kiran\\OneDrive\\Desktop\\Laravel-6-Multi-Auth-master\\vendor\\laravel\\framework\\src\\Illuminate\\Database\\Migrations\\DatabaseMigrationRepository.php(169): Illuminate\\Database\\Schema\\MySqlBuilder->hasTable('migrations')
#4 C:\\Users\\kiran\\OneDrive\\Desktop\\Laravel-6-Multi-Auth-master\\vendor\\laravel\\framework\\src\\Illuminate\\Database\\Migrations\\Migrator.php(590): Illuminate\\Database\\Migrations\\DatabaseMigrationRepository->repositoryExists()
#5 C:\\Users\\kiran\\OneDrive\\Desktop\\Laravel-6-Multi-Auth-master\\vendor\\laravel\\framework\\src\\Illuminate\\Database\\Console\\Migrations\\MigrateCommand.php(91): Illuminate\\Database\\Migrations\\Migrator->repositoryExists()
#6 C:\\Users\\kiran\\OneDrive\\Desktop\\Laravel-6-Multi-Auth-master\\vendor\\laravel\\framework\\src\\Illuminate\\Database\\Console\\Migrations\\MigrateCommand.php(63): Illuminate\\Database\\Console\\Migrations\\MigrateCommand->prepareDatabase()
#7 C:\\Users\\kiran\\OneDrive\\Desktop\\Laravel-6-Multi-Auth-master\\vendor\\laravel\\framework\\src\\Illuminate\\Container\\BoundMethod.php(36): Illuminate\\Database\\Console\\Migrations\\MigrateCommand->handle()
#8 C:\\Users\\kiran\\OneDrive\\Desktop\\Laravel-6-Multi-Auth-master\\vendor\\laravel\\framework\\src\\Illuminate\\Container\\Util.php(37): Illuminate\\Container\\BoundMethod::Illuminate\\Container\\{closure}()
#9 C:\\Users\\kiran\\OneDrive\\Desktop\\Laravel-6-Multi-Auth-master\\vendor\\laravel\\framework\\src\\Illuminate\\Container\\BoundMethod.php(93): Illuminate\\Container\\Util::unwrapIfClosure(Object(Closure))
#10 C:\\Users\\kiran\\OneDrive\\Desktop\\Laravel-6-Multi-Auth-master\\vendor\\laravel\\framework\\src\\Illuminate\\Container\\BoundMethod.php(37): Illuminate\\Container\\BoundMethod::callBoundMethod(Object(Illuminate\\Foundation\\Application), Array, Object(Closure))
#11 C:\\Users\\kiran\\OneDrive\\Desktop\\Laravel-6-Multi-Auth-master\\vendor\\laravel\\framework\\src\\Illuminate\\Container\\Container.php(590): Illuminate\\Container\\BoundMethod::call(Object(Illuminate\\Foundation\\Application), Array, Array, NULL)
#12 C:\\Users\\kiran\\OneDrive\\Desktop\\Laravel-6-Multi-Auth-master\\vendor\\laravel\\framework\\src\\Illuminate\\Console\\Command.php(134): Illuminate\\Container\\Container->call(Array)
#13 C:\\Users\\kiran\\OneDrive\\Desktop\\Laravel-6-Multi-Auth-master\\vendor\\symfony\\console\\Command\\Command.php(255): Illuminate\\Console\\Command->execute(Object(Symfony\\Component\\Console\\Input\\ArgvInput), Object(Illuminate\\Console\\OutputStyle))
#14 C:\\Users\\kiran\\OneDrive\\Desktop\\Laravel-6-Multi-Auth-master\\vendor\\laravel\\framework\\src\\Illuminate\\Console\\Command.php(121): Symfony\\Component\\Console\\Command\\Command->run(Object(Symfony\\Component\\Console\\Input\\ArgvInput), Object(Illuminate\\Console\\OutputStyle))
#15 C:\\Users\\kiran\\OneDrive\\Desktop\\Laravel-6-Multi-Auth-master\\vendor\\symfony\\console\\Application.php(1009): Illuminate\\Console\\Command->run(Object(Symfony\\Component\\Console\\Input\\ArgvInput), Object(Symfony\\Component\\Console\\Output\\ConsoleOutput))
#16 C:\\Users\\kiran\\OneDrive\\Desktop\\Laravel-6-Multi-Auth-master\\vendor\\symfony\\console\\Application.php(273): Symfony\\Component\\Console\\Application->doRunCommand(Object(Illuminate\\Database\\Console\\Migrations\\MigrateCommand), Object(Symfony\\Component\\Console\\Input\\ArgvInput), Object(Symfony\\Component\\Console\\Output\\ConsoleOutput))
#17 C:\\Users\\kiran\\OneDrive\\Desktop\\Laravel-6-Multi-Auth-master\\vendor\\symfony\\console\\Application.php(149): Symfony\\Component\\Console\\Application->doRun(Object(Symfony\\Component\\Console\\Input\\ArgvInput), Object(Symfony\\Component\\Console\\Output\\ConsoleOutput))
#18 C:\\Users\\kiran\\OneDrive\\Desktop\\Laravel-6-Multi-Auth-master\\vendor\\laravel\\framework\\src\\Illuminate\\Console\\Application.php(93): Symfony\\Component\\Console\\Application->run(Object(Symfony\\Component\\Console\\Input\\ArgvInput), Object(Symfony\\Component\\Console\\Output\\ConsoleOutput))
#19 C:\\Users\\kiran\\OneDrive\\Desktop\\Laravel-6-Multi-Auth-master\\vendor\\laravel\\framework\\src\\Illuminate\\Foundation\\Console\\Kernel.php(131): Illuminate\\Console\\Application->run(Object(Symfony\\Component\\Console\\Input\\ArgvInput), Object(Symfony\\Component\\Console\\Output\\ConsoleOutput))
#20 C:\\Users\\kiran\\OneDrive\\Desktop\\Laravel-6-Multi-Auth-master\\artisan(37): Illuminate\\Foundation\\Console\\Kernel->handle(Object(Symfony\\Component\\Console\\Input\\ArgvInput), Object(Symfony\\Component\\Console\\Output\\ConsoleOutput))
#21 {main}

[previous exception] [object] (PDOException(code: 1049): SQLSTATE[HY000] [1049] Unknown database 'agropal' at C:\\Users\\kiran\\OneDrive\\Desktop\\Laravel-6-Multi-Auth-master\\vendor\\laravel\\framework\\src\\Illuminate\\Database\\Connectors\\Connector.php:70)
[stacktrace]
#0 C:\\Users\\kiran\\OneDrive\\Desktop\\Laravel-6-Multi-Auth-master\\vendor\\laravel\\framework\\src\\Illuminate\\Database\\Connectors\\Connector.php(70): PDO->__construct('mysql:host=127....', 'root', '', Array)
#1 C:\\Users\\kiran\\OneDrive\\Desktop\\Laravel-6-Multi-Auth-master\\vendor\\laravel\\framework\\src\\Illuminate\\Database\\Connectors\\Connector.php(46): Illuminate\\Database\\Connectors\\Connector->createPdoConnection('mysql:host=127....', 'root', '', Array)
#2 C:\\Users\\kiran\\OneDrive\\Desktop\\Laravel-6-Multi-Auth-master\\vendor\\laravel\\framework\\src\\Illuminate\\Database\\Connectors\\MySqlConnector.php(24): Illuminate\\Database\\Connectors\\Connector->createConnection('mysql:host=127....', Array, Array)
#3 C:\\Users\\kiran\\OneDrive\\Desktop\\Laravel-6-Multi-Auth-master\\vendor\\laravel\\framework\\src\\Illuminate\\Database\\Connectors\\ConnectionFactory.php(182): Illuminate\\Database\\Connectors\\MySqlConnector->connect(Array)
#4 [internal function]: Illuminate\\Database\\Connectors\\ConnectionFactory->Illuminate\\Database\\Connectors\\{closure}()
#5 C:\\Users\\kiran\\OneDrive\\Desktop\\Laravel-6-Multi-Auth-master\\vendor\\laravel\\framework\\src\\Illuminate\\Database\\Connection.php(924): call_user_func(Object(Closure))
#6 C:\\Users\\kiran\\OneDrive\\Desktop\\Laravel-6-Multi-Auth-master\\vendor\\laravel\\framework\\src\\Illuminate\\Database\\Connection.php(959): Illuminate\\Database\\Connection->getPdo()
#7 C:\\Users\\kiran\\OneDrive\\Desktop\\Laravel-6-Multi-Auth-master\\vendor\\laravel\\framework\\src\\Illuminate\\Database\\Connection.php(404): Illuminate\\Database\\Connection->getReadPdo()
#8 C:\\Users\\kiran\\OneDrive\\Desktop\\Laravel-6-Multi-Auth-master\\vendor\\laravel\\framework\\src\\Illuminate\\Database\\Connection.php(330): Illuminate\\Database\\Connection->getPdoForSelect(true)
#9 C:\\Users\\kiran\\OneDrive\\Desktop\\Laravel-6-Multi-Auth-master\\vendor\\laravel\\framework\\src\\Illuminate\\Database\\Connection.php(662): Illuminate\\Database\\Connection->Illuminate\\Database\\{closure}('select * from i...', Array)
#10 C:\\Users\\kiran\\OneDrive\\Desktop\\Laravel-6-Multi-Auth-master\\vendor\\laravel\\framework\\src\\Illuminate\\Database\\Connection.php(629): Illuminate\\Database\\Connection->runQueryCallback('select * from i...', Array, Object(Closure))
#11 C:\\Users\\kiran\\OneDrive\\Desktop\\Laravel-6-Multi-Auth-master\\vendor\\laravel\\framework\\src\\Illuminate\\Database\\Connection.php(338): Illuminate\\Database\\Connection->run('select * from i...', Array, Object(Closure))
#12 C:\\Users\\kiran\\OneDrive\\Desktop\\Laravel-6-Multi-Auth-master\\vendor\\laravel\\framework\\src\\Illuminate\\Database\\Schema\\MySqlBuilder.php(18): Illuminate\\Database\\Connection->select('select * from i...', Array)
#13 C:\\Users\\kiran\\OneDrive\\Desktop\\Laravel-6-Multi-Auth-master\\vendor\\laravel\\framework\\src\\Illuminate\\Database\\Migrations\\DatabaseMigrationRepository.php(169): Illuminate\\Database\\Schema\\MySqlBuilder->hasTable('migrations')
#14 C:\\Users\\kiran\\OneDrive\\Desktop\\Laravel-6-Multi-Auth-master\\vendor\\laravel\\framework\\src\\Illuminate\\Database\\Migrations\\Migrator.php(590): Illuminate\\Database\\Migrations\\DatabaseMigrationRepository->repositoryExists()
#15 C:\\Users\\kiran\\OneDrive\\Desktop\\Laravel-6-Multi-Auth-master\\vendor\\laravel\\framework\\src\\Illuminate\\Database\\Console\\Migrations\\MigrateCommand.php(91): Illuminate\\Database\\Migrations\\Migrator->repositoryExists()
#16 C:\\Users\\kiran\\OneDrive\\Desktop\\Laravel-6-Multi-Auth-master\\vendor\\laravel\\framework\\src\\Illuminate\\Database\\Console\\Migrations\\MigrateCommand.php(63): Illuminate\\Database\\Console\\Migrations\\MigrateCommand->prepareDatabase()
#17 C:\\Users\\kiran\\OneDrive\\Desktop\\Laravel-6-Multi-Auth-master\\vendor\\laravel\\framework\\src\\Illuminate\\Container\\BoundMethod.php(36): Illuminate\\Database\\Console\\Migrations\\MigrateCommand->handle()
#18 C:\\Users\\kiran\\OneDrive\\Desktop\\Laravel-6-Multi-Auth-master\\vendor\\laravel\\framework\\src\\Illuminate\\Container\\Util.php(37): Illuminate\\Container\\BoundMethod::Illuminate\\Container\\{closure}()
#19 C:\\Users\\kiran\\OneDrive\\Desktop\\Laravel-6-Multi-Auth-master\\vendor\\laravel\\framework\\src\\Illuminate\\Container\\BoundMethod.php(93): Illuminate\\Container\\Util::unwrapIfClosure(Object(Closure))
#20 C:\\Users\\kiran\\OneDrive\\Desktop\\Laravel-6-Multi-Auth-master\\vendor\\laravel\\framework\\src\\Illuminate\\Container\\BoundMethod.php(37): Illuminate\\Container\\BoundMethod::callBoundMethod(Object(Illuminate\\Foundation\\Application), Array, Object(Closure))
#21 C:\\Users\\kiran\\OneDrive\\Desktop\\Laravel-6-Multi-Auth-master\\vendor\\laravel\\framework\\src\\Illuminate\\Container\\Container.php(590): Illuminate\\Container\\BoundMethod::call(Object(Illuminate\\Foundation\\Application), Array, Array, NULL)
#22 C:\\Users\\kiran\\OneDrive\\Desktop\\Laravel-6-Multi-Auth-master\\vendor\\laravel\\framework\\src\\Illuminate\\Console\\Command.php(134): Illuminate\\Container\\Container->call(Array)
#23 C:\\Users\\kiran\\OneDrive\\Desktop\\Laravel-6-Multi-Auth-master\\vendor\\symfony\\console\\Command\\Command.php(255): Illuminate\\Console\\Command->execute(Object(Symfony\\Component\\Console\\Input\\ArgvInput), Object(Illuminate\\Console\\OutputStyle))
#24 C:\\Users\\kiran\\OneDrive\\Desktop\\Laravel-6-Multi-Auth-master\\vendor\\laravel\\framework\\src\\Illuminate\\Console\\Command.php(121): Symfony\\Component\\Console\\Command\\Command->run(Object(Symfony\\Component\\Console\\Input\\ArgvInput), Object(Illuminate\\Console\\OutputStyle))
#25 C:\\Users\\kiran\\OneDrive\\Desktop\\Laravel-6-Multi-Auth-master\\vendor\\symfony\\console\\Application.php(1009): Illuminate\\Console\\Command->run(Object(Symfony\\Component\\Console\\Input\\ArgvInput), Object(Symfony\\Component\\Console\\Output\\ConsoleOutput))
#26 C:\\Users\\kiran\\OneDrive\\Desktop\\Laravel-6-Multi-Auth-master\\vendor\\symfony\\console\\Application.php(273): Symfony\\Component\\Console\\Application->doRunCommand(Object(Illuminate\\Database\\Console\\Migrations\\MigrateCommand), Object(Symfony\\Component\\Console\\Input\\ArgvInput), Object(Symfony\\Component\\Console\\Output\\ConsoleOutput))
#27 C:\\Users\\kiran\\OneDrive\\Desktop\\Laravel-6-Multi-Auth-master\\vendor\\symfony\\console\\Application.php(149): Symfony\\Component\\Console\\Application->doRun(Object(Symfony\\Component\\Console\\Input\\ArgvInput), Object(Symfony\\Component\\Console\\Output\\ConsoleOutput))
#28 C:\\Users\\kiran\\OneDrive\\Desktop\\Laravel-6-Multi-Auth-master\\vendor\\laravel\\framework\\src\\Illuminate\\Console\\Application.php(93): Symfony\\Component\\Console\\Application->run(Object(Symfony\\Component\\Console\\Input\\ArgvInput), Object(Symfony\\Component\\Console\\Output\\ConsoleOutput))
#29 C:\\Users\\kiran\\OneDrive\\Desktop\\Laravel-6-Multi-Auth-master\\vendor\\laravel\\framework\\src\\Illuminate\\Foundation\\Console\\Kernel.php(131): Illuminate\\Console\\Application->run(Object(Symfony\\Component\\Console\\Input\\ArgvInput), Object(Symfony\\Component\\Console\\Output\\ConsoleOutput))
#30 C:\\Users\\kiran\\OneDrive\\Desktop\\Laravel-6-Multi-Auth-master\\artisan(37): Illuminate\\Foundation\\Console\\Kernel->handle(Object(Symfony\\Component\\Console\\Input\\ArgvInput), Object(Symfony\\Component\\Console\\Output\\ConsoleOutput))
#31 {main}
"} 
[2021-03-05 05:27:48] local.ERROR: The "--CreateUsersSeeder" option does not exist. {"exception":"[object] (Symfony\\Component\\Console\\Exception\\RuntimeException(code: 0): The \"--CreateUsersSeeder\" option does not exist. at C:\\Users\\kiran\\OneDrive\\Desktop\\Laravel-6-Multi-Auth-master\\vendor\\symfony\\console\\Input\\ArgvInput.php:201)
[stacktrace]
#0 C:\\Users\\kiran\\OneDrive\\Desktop\\Laravel-6-Multi-Auth-master\\vendor\\symfony\\console\\Input\\ArgvInput.php(145): Symfony\\Component\\Console\\Input\\ArgvInput->addLongOption('CreateUsersSeed...', NULL)
#1 C:\\Users\\kiran\\OneDrive\\Desktop\\Laravel-6-Multi-Auth-master\\vendor\\symfony\\console\\Input\\ArgvInput.php(79): Symfony\\Component\\Console\\Input\\ArgvInput->parseLongOption('--CreateUsersSe...')
#2 C:\\Users\\kiran\\OneDrive\\Desktop\\Laravel-6-Multi-Auth-master\\vendor\\symfony\\console\\Input\\Input.php(55): Symfony\\Component\\Console\\Input\\ArgvInput->parse()
#3 C:\\Users\\kiran\\OneDrive\\Desktop\\Laravel-6-Multi-Auth-master\\vendor\\symfony\\console\\Command\\Command.php(214): Symfony\\Component\\Console\\Input\\Input->bind(Object(Symfony\\Component\\Console\\Input\\InputDefinition))
#4 C:\\Users\\kiran\\OneDrive\\Desktop\\Laravel-6-Multi-Auth-master\\vendor\\laravel\\framework\\src\\Illuminate\\Console\\Command.php(121): Symfony\\Component\\Console\\Command\\Command->run(Object(Symfony\\Component\\Console\\Input\\ArgvInput), Object(Illuminate\\Console\\OutputStyle))
#5 C:\\Users\\kiran\\OneDrive\\Desktop\\Laravel-6-Multi-Auth-master\\vendor\\symfony\\console\\Application.php(1009): Illuminate\\Console\\Command->run(Object(Symfony\\Component\\Console\\Input\\ArgvInput), Object(Symfony\\Component\\Console\\Output\\ConsoleOutput))
#6 C:\\Users\\kiran\\OneDrive\\Desktop\\Laravel-6-Multi-Auth-master\\vendor\\symfony\\console\\Application.php(273): Symfony\\Component\\Console\\Application->doRunCommand(Object(Illuminate\\Database\\Console\\Seeds\\SeedCommand), Object(Symfony\\Component\\Console\\Input\\ArgvInput), Object(Symfony\\Component\\Console\\Output\\ConsoleOutput))
#7 C:\\Users\\kiran\\OneDrive\\Desktop\\Laravel-6-Multi-Auth-master\\vendor\\symfony\\console\\Application.php(149): Symfony\\Component\\Console\\Application->doRun(Object(Symfony\\Component\\Console\\Input\\ArgvInput), Object(Symfony\\Component\\Console\\Output\\ConsoleOutput))
#8 C:\\Users\\kiran\\OneDrive\\Desktop\\Laravel-6-Multi-Auth-master\\vendor\\laravel\\framework\\src\\Illuminate\\Console\\Application.php(93): Symfony\\Component\\Console\\Application->run(Object(Symfony\\Component\\Console\\Input\\ArgvInput), Object(Symfony\\Component\\Console\\Output\\ConsoleOutput))
#9 C:\\Users\\kiran\\OneDrive\\Desktop\\Laravel-6-Multi-Auth-master\\vendor\\laravel\\framework\\src\\Illuminate\\Foundation\\Console\\Kernel.php(131): Illuminate\\Console\\Application->run(Object(Symfony\\Component\\Console\\Input\\ArgvInput), Object(Symfony\\Component\\Console\\Output\\ConsoleOutput))
#10 C:\\Users\\kiran\\OneDrive\\Desktop\\Laravel-6-Multi-Auth-master\\artisan(37): Illuminate\\Foundation\\Console\\Kernel->handle(Object(Symfony\\Component\\Console\\Input\\ArgvInput), Object(Symfony\\Component\\Console\\Output\\ConsoleOutput))
#11 {main}
"} 
[2021-03-05 05:29:20] local.ERROR: Target class [CreateUsersSeader] does not exist. {"exception":"[object] (Illuminate\\Contracts\\Container\\BindingResolutionException(code: 0): Target class [CreateUsersSeader] does not exist. at C:\\Users\\kiran\\OneDrive\\Desktop\\Laravel-6-Multi-Auth-master\\vendor\\laravel\\framework\\src\\Illuminate\\Container\\Container.php:805)
[stacktrace]
#0 C:\\Users\\kiran\\OneDrive\\Desktop\\Laravel-6-Multi-Auth-master\\vendor\\laravel\\framework\\src\\Illuminate\\Container\\Container.php(681): Illuminate\\Container\\Container->build('CreateUsersSead...')
#1 C:\\Users\\kiran\\OneDrive\\Desktop\\Laravel-6-Multi-Auth-master\\vendor\\laravel\\framework\\src\\Illuminate\\Foundation\\Application.php(785): Illuminate\\Container\\Container->resolve('CreateUsersSead...', Array, true)
#2 C:\\Users\\kiran\\OneDrive\\Desktop\\Laravel-6-Multi-Auth-master\\vendor\\laravel\\framework\\src\\Illuminate\\Container\\Container.php(629): Illuminate\\Foundation\\Application->resolve('CreateUsersSead...', Array)
#3 C:\\Users\\kiran\\OneDrive\\Desktop\\Laravel-6-Multi-Auth-master\\vendor\\laravel\\framework\\src\\Illuminate\\Foundation\\Application.php(770): Illuminate\\Container\\Container->make('CreateUsersSead...', Array)
#4 C:\\Users\\kiran\\OneDrive\\Desktop\\Laravel-6-Multi-Auth-master\\vendor\\laravel\\framework\\src\\Illuminate\\Database\\Console\\Seeds\\SeedCommand.php(76): Illuminate\\Foundation\\Application->make('CreateUsersSead...')
#5 C:\\Users\\kiran\\OneDrive\\Desktop\\Laravel-6-Multi-Auth-master\\vendor\\laravel\\framework\\src\\Illuminate\\Database\\Console\\Seeds\\SeedCommand.php(63): Illuminate\\Database\\Console\\Seeds\\SeedCommand->getSeeder()
#6 C:\\Users\\kiran\\OneDrive\\Desktop\\Laravel-6-Multi-Auth-master\\vendor\\laravel\\framework\\src\\Illuminate\\Database\\Eloquent\\Concerns\\GuardsAttributes.php(129): Illuminate\\Database\\Console\\Seeds\\SeedCommand->Illuminate\\Database\\Console\\Seeds\\{closure}()
#7 C:\\Users\\kiran\\OneDrive\\Desktop\\Laravel-6-Multi-Auth-master\\vendor\\laravel\\framework\\src\\Illuminate\\Database\\Console\\Seeds\\SeedCommand.php(64): Illuminate\\Database\\Eloquent\\Model::unguarded(Object(Closure))
#8 C:\\Users\\kiran\\OneDrive\\Desktop\\Laravel-6-Multi-Auth-master\\vendor\\laravel\\framework\\src\\Illuminate\\Container\\BoundMethod.php(36): Illuminate\\Database\\Console\\Seeds\\SeedCommand->handle()
#9 C:\\Users\\kiran\\OneDrive\\Desktop\\Laravel-6-Multi-Auth-master\\vendor\\laravel\\framework\\src\\Illuminate\\Container\\Util.php(37): Illuminate\\Container\\BoundMethod::Illuminate\\Container\\{closure}()
#10 C:\\Users\\kiran\\OneDrive\\Desktop\\Laravel-6-Multi-Auth-master\\vendor\\laravel\\framework\\src\\Illuminate\\Container\\BoundMethod.php(93): Illuminate\\Container\\Util::unwrapIfClosure(Object(Closure))
#11 C:\\Users\\kiran\\OneDrive\\Desktop\\Laravel-6-Multi-Auth-master\\vendor\\laravel\\framework\\src\\Illuminate\\Container\\BoundMethod.php(37): Illuminate\\Container\\BoundMethod::callBoundMethod(Object(Illuminate\\Foundation\\Application), Array, Object(Closure))
#12 C:\\Users\\kiran\\OneDrive\\Desktop\\Laravel-6-Multi-Auth-master\\vendor\\laravel\\framework\\src\\Illuminate\\Container\\Container.php(590): Illuminate\\Container\\BoundMethod::call(Object(Illuminate\\Foundation\\Application), Array, Array, NULL)
#13 C:\\Users\\kiran\\OneDrive\\Desktop\\Laravel-6-Multi-Auth-master\\vendor\\laravel\\framework\\src\\Illuminate\\Console\\Command.php(134): Illuminate\\Container\\Container->call(Array)
#14 C:\\Users\\kiran\\OneDrive\\Desktop\\Laravel-6-Multi-Auth-master\\vendor\\symfony\\console\\Command\\Command.php(255): Illuminate\\Console\\Command->execute(Object(Symfony\\Component\\Console\\Input\\ArgvInput), Object(Illuminate\\Console\\OutputStyle))
#15 C:\\Users\\kiran\\OneDrive\\Desktop\\Laravel-6-Multi-Auth-master\\vendor\\laravel\\framework\\src\\Illuminate\\Console\\Command.php(121): Symfony\\Component\\Console\\Command\\Command->run(Object(Symfony\\Component\\Console\\Input\\ArgvInput), Object(Illuminate\\Console\\OutputStyle))
#16 C:\\Users\\kiran\\OneDrive\\Desktop\\Laravel-6-Multi-Auth-master\\vendor\\symfony\\console\\Application.php(1009): Illuminate\\Console\\Command->run(Object(Symfony\\Component\\Console\\Input\\ArgvInput), Object(Symfony\\Component\\Console\\Output\\ConsoleOutput))
#17 C:\\Users\\kiran\\OneDrive\\Desktop\\Laravel-6-Multi-Auth-master\\vendor\\symfony\\console\\Application.php(273): Symfony\\Component\\Console\\Application->doRunCommand(Object(Illuminate\\Database\\Console\\Seeds\\SeedCommand), Object(Symfony\\Component\\Console\\Input\\ArgvInput), Object(Symfony\\Component\\Console\\Output\\ConsoleOutput))
#18 C:\\Users\\kiran\\OneDrive\\Desktop\\Laravel-6-Multi-Auth-master\\vendor\\symfony\\console\\Application.php(149): Symfony\\Component\\Console\\Application->doRun(Object(Symfony\\Component\\Console\\Input\\ArgvInput), Object(Symfony\\Component\\Console\\Output\\ConsoleOutput))
#19 C:\\Users\\kiran\\OneDrive\\Desktop\\Laravel-6-Multi-Auth-master\\vendor\\laravel\\framework\\src\\Illuminate\\Console\\Application.php(93): Symfony\\Component\\Console\\Application->run(Object(Symfony\\Component\\Console\\Input\\ArgvInput), Object(Symfony\\Component\\Console\\Output\\ConsoleOutput))
#20 C:\\Users\\kiran\\OneDrive\\Desktop\\Laravel-6-Multi-Auth-master\\vendor\\laravel\\framework\\src\\Illuminate\\Foundation\\Console\\Kernel.php(131): Illuminate\\Console\\Application->run(Object(Symfony\\Component\\Console\\Input\\ArgvInput), Object(Symfony\\Component\\Console\\Output\\ConsoleOutput))
#21 C:\\Users\\kiran\\OneDrive\\Desktop\\Laravel-6-Multi-Auth-master\\artisan(37): Illuminate\\Foundation\\Console\\Kernel->handle(Object(Symfony\\Component\\Console\\Input\\ArgvInput), Object(Symfony\\Component\\Console\\Output\\ConsoleOutput))
#22 {main}

[previous exception] [object] (ReflectionException(code: -1): Class \"CreateUsersSeader\" does not exist at C:\\Users\\kiran\\OneDrive\\Desktop\\Laravel-6-Multi-Auth-master\\vendor\\laravel\\framework\\src\\Illuminate\\Container\\Container.php:803)
[stacktrace]
#0 C:\\Users\\kiran\\OneDrive\\Desktop\\Laravel-6-Multi-Auth-master\\vendor\\laravel\\framework\\src\\Illuminate\\Container\\Container.php(803): ReflectionClass->__construct('CreateUsersSead...')
#1 C:\\Users\\kiran\\OneDrive\\Desktop\\Laravel-6-Multi-Auth-master\\vendor\\laravel\\framework\\src\\Illuminate\\Container\\Container.php(681): Illuminate\\Container\\Container->build('CreateUsersSead...')
#2 C:\\Users\\kiran\\OneDrive\\Desktop\\Laravel-6-Multi-Auth-master\\vendor\\laravel\\framework\\src\\Illuminate\\Foundation\\Application.php(785): Illuminate\\Container\\Container->resolve('CreateUsersSead...', Array, true)
#3 C:\\Users\\kiran\\OneDrive\\Desktop\\Laravel-6-Multi-Auth-master\\vendor\\laravel\\framework\\src\\Illuminate\\Container\\Container.php(629): Illuminate\\Foundation\\Application->resolve('CreateUsersSead...', Array)
#4 C:\\Users\\kiran\\OneDrive\\Desktop\\Laravel-6-Multi-Auth-master\\vendor\\laravel\\framework\\src\\Illuminate\\Foundation\\Application.php(770): Illuminate\\Container\\Container->make('CreateUsersSead...', Array)
#5 C:\\Users\\kiran\\OneDrive\\Desktop\\Laravel-6-Multi-Auth-master\\vendor\\laravel\\framework\\src\\Illuminate\\Database\\Console\\Seeds\\SeedCommand.php(76): Illuminate\\Foundation\\Application->make('CreateUsersSead...')
#6 C:\\Users\\kiran\\OneDrive\\Desktop\\Laravel-6-Multi-Auth-master\\vendor\\laravel\\framework\\src\\Illuminate\\Database\\Console\\Seeds\\SeedCommand.php(63): Illuminate\\Database\\Console\\Seeds\\SeedCommand->getSeeder()
#7 C:\\Users\\kiran\\OneDrive\\Desktop\\Laravel-6-Multi-Auth-master\\vendor\\laravel\\framework\\src\\Illuminate\\Database\\Eloquent\\Concerns\\GuardsAttributes.php(129): Illuminate\\Database\\Console\\Seeds\\SeedCommand->Illuminate\\Database\\Console\\Seeds\\{closure}()
#8 C:\\Users\\kiran\\OneDrive\\Desktop\\Laravel-6-Multi-Auth-master\\vendor\\laravel\\framework\\src\\Illuminate\\Database\\Console\\Seeds\\SeedCommand.php(64): Illuminate\\Database\\Eloquent\\Model::unguarded(Object(Closure))
#9 C:\\Users\\kiran\\OneDrive\\Desktop\\Laravel-6-Multi-Auth-master\\vendor\\laravel\\framework\\src\\Illuminate\\Container\\BoundMethod.php(36): Illuminate\\Database\\Console\\Seeds\\SeedCommand->handle()
#10 C:\\Users\\kiran\\OneDrive\\Desktop\\Laravel-6-Multi-Auth-master\\vendor\\laravel\\framework\\src\\Illuminate\\Container\\Util.php(37): Illuminate\\Container\\BoundMethod::Illuminate\\Container\\{closure}()
#11 C:\\Users\\kiran\\OneDrive\\Desktop\\Laravel-6-Multi-Auth-master\\vendor\\laravel\\framework\\src\\Illuminate\\Container\\BoundMethod.php(93): Illuminate\\Container\\Util::unwrapIfClosure(Object(Closure))
#12 C:\\Users\\kiran\\OneDrive\\Desktop\\Laravel-6-Multi-Auth-master\\vendor\\laravel\\framework\\src\\Illuminate\\Container\\BoundMethod.php(37): Illuminate\\Container\\BoundMethod::callBoundMethod(Object(Illuminate\\Foundation\\Application), Array, Object(Closure))
#13 C:\\Users\\kiran\\OneDrive\\Desktop\\Laravel-6-Multi-Auth-master\\vendor\\laravel\\framework\\src\\Illuminate\\Container\\Container.php(590): Illuminate\\Container\\BoundMethod::call(Object(Illuminate\\Foundation\\Application), Array, Array, NULL)
#14 C:\\Users\\kiran\\OneDrive\\Desktop\\Laravel-6-Multi-Auth-master\\vendor\\laravel\\framework\\src\\Illuminate\\Console\\Command.php(134): Illuminate\\Container\\Container->call(Array)
#15 C:\\Users\\kiran\\OneDrive\\Desktop\\Laravel-6-Multi-Auth-master\\vendor\\symfony\\console\\Command\\Command.php(255): Illuminate\\Console\\Command->execute(Object(Symfony\\Component\\Console\\Input\\ArgvInput), Object(Illuminate\\Console\\OutputStyle))
#16 C:\\Users\\kiran\\OneDrive\\Desktop\\Laravel-6-Multi-Auth-master\\vendor\\laravel\\framework\\src\\Illuminate\\Console\\Command.php(121): Symfony\\Component\\Console\\Command\\Command->run(Object(Symfony\\Component\\Console\\Input\\ArgvInput), Object(Illuminate\\Console\\OutputStyle))
#17 C:\\Users\\kiran\\OneDrive\\Desktop\\Laravel-6-Multi-Auth-master\\vendor\\symfony\\console\\Application.php(1009): Illuminate\\Console\\Command->run(Object(Symfony\\Component\\Console\\Input\\ArgvInput), Object(Symfony\\Component\\Console\\Output\\ConsoleOutput))
#18 C:\\Users\\kiran\\OneDrive\\Desktop\\Laravel-6-Multi-Auth-master\\vendor\\symfony\\console\\Application.php(273): Symfony\\Component\\Console\\Application->doRunCommand(Object(Illuminate\\Database\\Console\\Seeds\\SeedCommand), Object(Symfony\\Component\\Console\\Input\\ArgvInput), Object(Symfony\\Component\\Console\\Output\\ConsoleOutput))
#19 C:\\Users\\kiran\\OneDrive\\Desktop\\Laravel-6-Multi-Auth-master\\vendor\\symfony\\console\\Application.php(149): Symfony\\Component\\Console\\Application->doRun(Object(Symfony\\Component\\Console\\Input\\ArgvInput), Object(Symfony\\Component\\Console\\Output\\ConsoleOutput))
#20 C:\\Users\\kiran\\OneDrive\\Desktop\\Laravel-6-Multi-Auth-master\\vendor\\laravel\\framework\\src\\Illuminate\\Console\\Application.php(93): Symfony\\Component\\Console\\Application->run(Object(Symfony\\Component\\Console\\Input\\ArgvInput), Object(Symfony\\Component\\Console\\Output\\ConsoleOutput))
#21 C:\\Users\\kiran\\OneDrive\\Desktop\\Laravel-6-Multi-Auth-master\\vendor\\laravel\\framework\\src\\Illuminate\\Foundation\\Console\\Kernel.php(131): Illuminate\\Console\\Application->run(Object(Symfony\\Component\\Console\\Input\\ArgvInput), Object(Symfony\\Component\\Console\\Output\\ConsoleOutput))
#22 C:\\Users\\kiran\\OneDrive\\Desktop\\Laravel-6-Multi-Auth-master\\artisan(37): Illuminate\\Foundation\\Console\\Kernel->handle(Object(Symfony\\Component\\Console\\Input\\ArgvInput), Object(Symfony\\Component\\Console\\Output\\ConsoleOutput))
#23 {main}
"} 
[2021-03-05 07:24:06] local.ERROR: GD Library extension not available with this PHP installation. {"userId":2,"exception":"[object] (Intervention\\Image\\Exception\\NotSupportedException(code: 0): GD Library extension not available with this PHP installation. at C:\\Users\\kiran\\OneDrive\\Desktop\\Laravel-6-Multi-Auth-master\\vendor\\intervention\\image\\src\\Intervention\\Image\\Gd\\Driver.php:19)
[stacktrace]
#0 C:\\Users\\kiran\\OneDrive\\Desktop\\Laravel-6-Multi-Auth-master\\vendor\\intervention\\image\\src\\Intervention\\Image\\ImageManager.php(112): Intervention\\Image\\Gd\\Driver->__construct()
#1 C:\\Users\\kiran\\OneDrive\\Desktop\\Laravel-6-Multi-Auth-master\\vendor\\intervention\\image\\src\\Intervention\\Image\\ImageManager.php(54): Intervention\\Image\\ImageManager->createDriver()
#2 C:\\Users\\kiran\\OneDrive\\Desktop\\Laravel-6-Multi-Auth-master\\vendor\\laravel\\framework\\src\\Illuminate\\Support\\Facades\\Facade.php(261): Intervention\\Image\\ImageManager->make('C:\\\\Users\\\\kiran\\\\...')
#3 C:\\Users\\kiran\\OneDrive\\Desktop\\Laravel-6-Multi-Auth-master\\app\\Http\\Controllers\\ProductsController.php(52): Illuminate\\Support\\Facades\\Facade::__callStatic('make', Array)
#4 C:\\Users\\kiran\\OneDrive\\Desktop\\Laravel-6-Multi-Auth-master\\vendor\\laravel\\framework\\src\\Illuminate\\Routing\\Controller.php(54): App\\Http\\Controllers\\ProductsController->create(Object(Illuminate\\Http\\Request))
#5 C:\\Users\\kiran\\OneDrive\\Desktop\\Laravel-6-Multi-Auth-master\\vendor\\laravel\\framework\\src\\Illuminate\\Routing\\ControllerDispatcher.php(45): Illuminate\\Routing\\Controller->callAction('create', Array)
#6 C:\\Users\\kiran\\OneDrive\\Desktop\\Laravel-6-Multi-Auth-master\\vendor\\laravel\\framework\\src\\Illuminate\\Routing\\Route.php(219): Illuminate\\Routing\\ControllerDispatcher->dispatch(Object(Illuminate\\Routing\\Route), Object(App\\Http\\Controllers\\ProductsController), 'create')
#7 C:\\Users\\kiran\\OneDrive\\Desktop\\Laravel-6-Multi-Auth-master\\vendor\\laravel\\framework\\src\\Illuminate\\Routing\\Route.php(176): Illuminate\\Routing\\Route->runController()
#8 C:\\Users\\kiran\\OneDrive\\Desktop\\Laravel-6-Multi-Auth-master\\vendor\\laravel\\framework\\src\\Illuminate\\Routing\\Router.php(681): Illuminate\\Routing\\Route->run()
#9 C:\\Users\\kiran\\OneDrive\\Desktop\\Laravel-6-Multi-Auth-master\\vendor\\laravel\\framework\\src\\Illuminate\\Pipeline\\Pipeline.php(130): Illuminate\\Routing\\Router->Illuminate\\Routing\\{closure}(Object(Illuminate\\Http\\Request))
#10 C:\\Users\\kiran\\OneDrive\\Desktop\\Laravel-6-Multi-Auth-master\\vendor\\laravel\\framework\\src\\Illuminate\\Routing\\Middleware\\SubstituteBindings.php(41): Illuminate\\Pipeline\\Pipeline->Illuminate\\Pipeline\\{closure}(Object(Illuminate\\Http\\Request))
#11 C:\\Users\\kiran\\OneDrive\\Desktop\\Laravel-6-Multi-Auth-master\\vendor\\laravel\\framework\\src\\Illuminate\\Pipeline\\Pipeline.php(171): Illuminate\\Routing\\Middleware\\SubstituteBindings->handle(Object(Illuminate\\Http\\Request), Object(Closure))
#12 C:\\Users\\kiran\\OneDrive\\Desktop\\Laravel-6-Multi-Auth-master\\vendor\\laravel\\framework\\src\\Illuminate\\Foundation\\Http\\Middleware\\VerifyCsrfToken.php(78): Illuminate\\Pipeline\\Pipeline->Illuminate\\Pipeline\\{closure}(Object(Illuminate\\Http\\Request))
#13 C:\\Users\\kiran\\OneDrive\\Desktop\\Laravel-6-Multi-Auth-master\\vendor\\laravel\\framework\\src\\Illuminate\\Pipeline\\Pipeline.php(171): Illuminate\\Foundation\\Http\\Middleware\\VerifyCsrfToken->handle(Object(Illuminate\\Http\\Request), Object(Closure))
#14 C:\\Users\\kiran\\OneDrive\\Desktop\\Laravel-6-Multi-Auth-master\\vendor\\laravel\\framework\\src\\Illuminate\\View\\Middleware\\ShareErrorsFromSession.php(49): Illuminate\\Pipeline\\Pipeline->Illuminate\\Pipeline\\{closure}(Object(Illuminate\\Http\\Request))
#15 C:\\Users\\kiran\\OneDrive\\Desktop\\Laravel-6-Multi-Auth-master\\vendor\\laravel\\framework\\src\\Illuminate\\Pipeline\\Pipeline.php(171): Illuminate\\View\\Middleware\\ShareErrorsFromSession->handle(Object(Illuminate\\Http\\Request), Object(Closure))
#16 C:\\Users\\kiran\\OneDrive\\Desktop\\Laravel-6-Multi-Auth-master\\vendor\\laravel\\framework\\src\\Illuminate\\Session\\Middleware\\StartSession.php(56): Illuminate\\Pipeline\\Pipeline->Illuminate\\Pipeline\\{closure}(Object(Illuminate\\Http\\Request))
#17 C:\\Users\\kiran\\OneDrive\\Desktop\\Laravel-6-Multi-Auth-master\\vendor\\laravel\\framework\\src\\Illuminate\\Pipeline\\Pipeline.php(171): Illuminate\\Session\\Middleware\\StartSession->handle(Object(Illuminate\\Http\\Request), Object(Closure))
#18 C:\\Users\\kiran\\OneDrive\\Desktop\\Laravel-6-Multi-Auth-master\\vendor\\laravel\\framework\\src\\Illuminate\\Cookie\\Middleware\\AddQueuedCookiesToResponse.php(37): Illuminate\\Pipeline\\Pipeline->Illuminate\\Pipeline\\{closure}(Object(Illuminate\\Http\\Request))
#19 C:\\Users\\kiran\\OneDrive\\Desktop\\Laravel-6-Multi-Auth-master\\vendor\\laravel\\framework\\src\\Illuminate\\Pipeline\\Pipeline.php(171): Illuminate\\Cookie\\Middleware\\AddQueuedCookiesToResponse->handle(Object(Illuminate\\Http\\Request), Object(Closure))
#20 C:\\Users\\kiran\\OneDrive\\Desktop\\Laravel-6-Multi-Auth-master\\vendor\\laravel\\framework\\src\\Illuminate\\Cookie\\Middleware\\EncryptCookies.php(67): Illuminate\\Pipeline\\Pipeline->Illuminate\\Pipeline\\{closure}(Object(Illuminate\\Http\\Request))
#21 C:\\Users\\kiran\\OneDrive\\Desktop\\Laravel-6-Multi-Auth-master\\vendor\\laravel\\framework\\src\\Illuminate\\Pipeline\\Pipeline.php(171): Illuminate\\Cookie\\Middleware\\EncryptCookies->handle(Object(Illuminate\\Http\\Request), Object(Closure))
#22 C:\\Users\\kiran\\OneDrive\\Desktop\\Laravel-6-Multi-Auth-master\\vendor\\laravel\\framework\\src\\Illuminate\\Pipeline\\Pipeline.php(105): Illuminate\\Pipeline\\Pipeline->Illuminate\\Pipeline\\{closure}(Object(Illuminate\\Http\\Request))
#23 C:\\Users\\kiran\\OneDrive\\Desktop\\Laravel-6-Multi-Auth-master\\vendor\\laravel\\framework\\src\\Illuminate\\Routing\\Router.php(683): Illuminate\\Pipeline\\Pipeline->then(Object(Closure))
#24 C:\\Users\\kiran\\OneDrive\\Desktop\\Laravel-6-Multi-Auth-master\\vendor\\laravel\\framework\\src\\Illuminate\\Routing\\Router.php(658): Illuminate\\Routing\\Router->runRouteWithinStack(Object(Illuminate\\Routing\\Route), Object(Illuminate\\Http\\Request))
#25 C:\\Users\\kiran\\OneDrive\\Desktop\\Laravel-6-Multi-Auth-master\\vendor\\laravel\\framework\\src\\Illuminate\\Routing\\Router.php(624): Illuminate\\Routing\\Router->runRoute(Object(Illuminate\\Http\\Request), Object(Illuminate\\Routing\\Route))
#26 C:\\Users\\kiran\\OneDrive\\Desktop\\Laravel-6-Multi-Auth-master\\vendor\\laravel\\framework\\src\\Illuminate\\Routing\\Router.php(613): Illuminate\\Routing\\Router->dispatchToRoute(Object(Illuminate\\Http\\Request))
#27 C:\\Users\\kiran\\OneDrive\\Desktop\\Laravel-6-Multi-Auth-master\\vendor\\laravel\\framework\\src\\Illuminate\\Foundation\\Http\\Kernel.php(170): Illuminate\\Routing\\Router->dispatch(Object(Illuminate\\Http\\Request))
#28 C:\\Users\\kiran\\OneDrive\\Desktop\\Laravel-6-Multi-Auth-master\\vendor\\laravel\\framework\\src\\Illuminate\\Pipeline\\Pipeline.php(130): Illuminate\\Foundation\\Http\\Kernel->Illuminate\\Foundation\\Http\\{closure}(Object(Illuminate\\Http\\Request))
#29 C:\\Users\\kiran\\OneDrive\\Desktop\\Laravel-6-Multi-Auth-master\\vendor\\laravel\\framework\\src\\Illuminate\\Foundation\\Http\\Middleware\\TransformsRequest.php(21): Illuminate\\Pipeline\\Pipeline->Illuminate\\Pipeline\\{closure}(Object(Illuminate\\Http\\Request))
#30 C:\\Users\\kiran\\OneDrive\\Desktop\\Laravel-6-Multi-Auth-master\\vendor\\laravel\\framework\\src\\Illuminate\\Pipeline\\Pipeline.php(171): Illuminate\\Foundation\\Http\\Middleware\\TransformsRequest->handle(Object(Illuminate\\Http\\Request), Object(Closure))
#31 C:\\Users\\kiran\\OneDrive\\Desktop\\Laravel-6-Multi-Auth-master\\vendor\\laravel\\framework\\src\\Illuminate\\Foundation\\Http\\Middleware\\TransformsRequest.php(21): Illuminate\\Pipeline\\Pipeline->Illuminate\\Pipeline\\{closure}(Object(Illuminate\\Http\\Request))
#32 C:\\Users\\kiran\\OneDrive\\Desktop\\Laravel-6-Multi-Auth-master\\vendor\\laravel\\framework\\src\\Illuminate\\Pipeline\\Pipeline.php(171): Illuminate\\Foundation\\Http\\Middleware\\TransformsRequest->handle(Object(Illuminate\\Http\\Request), Object(Closure))
#33 C:\\Users\\kiran\\OneDrive\\Desktop\\Laravel-6-Multi-Auth-master\\vendor\\laravel\\framework\\src\\Illuminate\\Foundation\\Http\\Middleware\\ValidatePostSize.php(27): Illuminate\\Pipeline\\Pipeline->Illuminate\\Pipeline\\{closure}(Object(Illuminate\\Http\\Request))
#34 C:\\Users\\kiran\\OneDrive\\Desktop\\Laravel-6-Multi-Auth-master\\vendor\\laravel\\framework\\src\\Illuminate\\Pipeline\\Pipeline.php(171): Illuminate\\Foundation\\Http\\Middleware\\ValidatePostSize->handle(Object(Illuminate\\Http\\Request), Object(Closure))
#35 C:\\Users\\kiran\\OneDrive\\Desktop\\Laravel-6-Multi-Auth-master\\vendor\\laravel\\framework\\src\\Illuminate\\Foundation\\Http\\Middleware\\CheckForMaintenanceMode.php(63): Illuminate\\Pipeline\\Pipeline->Illuminate\\Pipeline\\{closure}(Object(Illuminate\\Http\\Request))
#36 C:\\Users\\kiran\\OneDrive\\Desktop\\Laravel-6-Multi-Auth-master\\vendor\\laravel\\framework\\src\\Illuminate\\Pipeline\\Pipeline.php(171): Illuminate\\Foundation\\Http\\Middleware\\CheckForMaintenanceMode->handle(Object(Illuminate\\Http\\Request), Object(Closure))
#37 C:\\Users\\kiran\\OneDrive\\Desktop\\Laravel-6-Multi-Auth-master\\vendor\\fideloper\\proxy\\src\\TrustProxies.php(57): Illuminate\\Pipeline\\Pipeline->Illuminate\\Pipeline\\{closure}(Object(Illuminate\\Http\\Request))
#38 C:\\Users\\kiran\\OneDrive\\Desktop\\Laravel-6-Multi-Auth-master\\vendor\\laravel\\framework\\src\\Illuminate\\Pipeline\\Pipeline.php(171): Fideloper\\Proxy\\TrustProxies->handle(Object(Illuminate\\Http\\Request), Object(Closure))
#39 C:\\Users\\kiran\\OneDrive\\Desktop\\Laravel-6-Multi-Auth-master\\vendor\\laravel\\framework\\src\\Illuminate\\Pipeline\\Pipeline.php(105): Illuminate\\Pipeline\\Pipeline->Illuminate\\Pipeline\\{closure}(Object(Illuminate\\Http\\Request))
#40 C:\\Users\\kiran\\OneDrive\\Desktop\\Laravel-6-Multi-Auth-master\\vendor\\laravel\\framework\\src\\Illuminate\\Foundation\\Http\\Kernel.php(145): Illuminate\\Pipeline\\Pipeline->then(Object(Closure))
#41 C:\\Users\\kiran\\OneDrive\\Desktop\\Laravel-6-Multi-Auth-master\\vendor\\laravel\\framework\\src\\Illuminate\\Foundation\\Http\\Kernel.php(110): Illuminate\\Foundation\\Http\\Kernel->sendRequestThroughRouter(Object(Illuminate\\Http\\Request))
#42 C:\\Users\\kiran\\OneDrive\\Desktop\\Laravel-6-Multi-Auth-master\\public\\index.php(55): Illuminate\\Foundation\\Http\\Kernel->handle(Object(Illuminate\\Http\\Request))
#43 C:\\Users\\kiran\\OneDrive\\Desktop\\Laravel-6-Multi-Auth-master\\server.php(21): require_once('C:\\\\Users\\\\kiran\\\\...')
#44 {main}
"} 
